<?xml version="1.0" encoding="UTF-8"?>
<!-- Generated by org.testng.reporters.JUnitXMLReporter -->
<testsuite hostname="Anbarasan" ignored="2" name="Test" tests="13" failures="0" timestamp="2024-06-14T11:27:58 IST" time="94.033" errors="0">
  <testcase name="verifyLoginWithValidUserCredentials" time="16.198" classname="com.demoAutomationProject.ProductAddToCartAndPurchaseVerification"/>
  <testcase name="verifyUserRegisterPageWithFilledAllDetails" time="6.265" classname="com.demoAutomationProject.RegisterPageVerification"/>
  <testcase name="verifyUserRegisterPageFirstnameWithMaximumCharacter" time="2.432" classname="com.demoAutomationProject.RegisterPageVerification"/>
  <testcase name="verifyUserRegisterPageLastnameWithMinimumCharacter" time="6.002" classname="com.demoAutomationProject.RegisterPageVerification"/>
  <testcase name="verifyUserRegisterPageInvalidEmailId" time="5.569" classname="com.demoAutomationProject.RegisterPageVerification"/>
  <testcase name="verifyUserRegisterPageInvalidPhoneNumber" time="5.895" classname="com.demoAutomationProject.RegisterPageVerification"/>
  <testcase name="verifyUserRegisterPagePasswordAndConfirmPasswordMismatch" time="5.773" classname="com.demoAutomationProject.RegisterPageVerification"/>
  <testcase name="verifyLoginWithValidUserCredentials" time="1.951" classname="com.demoAutomationProject.LoginPageVerification"/>
  <testcase name="verifyLoginWithInValidUserCredentials" time="1.257" classname="com.demoAutomationProject.LoginPageVerification"/>
  <testcase name="verifyLoginWithWithoutUserCredentials" time="0.819" classname="com.demoAutomationProject.LoginPageVerification"/>
  <testcase name="verifyLoginWithInvalidEmail" time="1.401" classname="com.demoAutomationProject.LoginPageVerification"/>
  <testcase name="verifyForgetPasswordAndResetPassword" time="2.258" classname="com.demoAutomationProject.LoginPageVerification"/>
  <testcase name="verifyLoginWithUserCredentialFromExcelFile" time="2.096" classname="com.demoAutomationProject.LoginPageVerification"/>
  <testcase name="@AfterSuite sendEmail" time="0.0" classname="baseClass.BaseClass">
    <ignored/>
  </testcase> <!-- @AfterSuite sendEmail -->
  <testcase name="@AfterSuite sendEmail" time="0.0" classname="baseClass.BaseClass">
    <ignored/>
  </testcase> <!-- @AfterSuite sendEmail -->
</testsuite> <!-- Test -->
