<?xml version="1.0" encoding="UTF-8"?>
<!-- Generated by org.testng.reporters.JUnitXMLReporter -->
<testsuite hostname="Anbarasan" ignored="12" name="Test2" tests="0" failures="0" timestamp="2024-06-14T02:50:14 IST" time="67.511" errors="0">
  <testcase name="verifyUserRegisterPageLastnameWithMinimumCharacter" time="0.0" classname="com.demoAutomationProject.RegisterPageVerification">
    <ignored/>
  </testcase> <!-- verifyUserRegisterPageLastnameWithMinimumCharacter -->
  <testcase name="verifyForgetPasswordAndResetPassword" time="0.0" classname="com.demoAutomationProject.LoginPageVerification">
    <ignored/>
  </testcase> <!-- verifyForgetPasswordAndResetPassword -->
  <testcase name="verifyUserRegisterPageInvalidPhoneNumber" time="0.0" classname="com.demoAutomationProject.RegisterPageVerification">
    <ignored/>
  </testcase> <!-- verifyUserRegisterPageInvalidPhoneNumber -->
  <testcase name="verifyUserRegisterPagePasswordAndConfirmPasswordMismatch" time="0.0" classname="com.demoAutomationProject.RegisterPageVerification">
    <ignored/>
  </testcase> <!-- verifyUserRegisterPagePasswordAndConfirmPasswordMismatch -->
  <testcase name="verifyLoginWithInValidUserCredentials" time="0.0" classname="com.demoAutomationProject.LoginPageVerification">
    <ignored/>
  </testcase> <!-- verifyLoginWithInValidUserCredentials -->
  <testcase name="verifyLoginWithWithoutUserCredentials" time="0.0" classname="com.demoAutomationProject.LoginPageVerification">
    <ignored/>
  </testcase> <!-- verifyLoginWithWithoutUserCredentials -->
  <testcase name="@AfterSuite sendEmail" time="0.0" classname="baseClass.BaseClass">
    <ignored/>
  </testcase> <!-- @AfterSuite sendEmail -->
  <testcase name="@AfterSuite sendEmail" time="0.0" classname="baseClass.BaseClass">
    <ignored/>
  </testcase> <!-- @AfterSuite sendEmail -->
  <testcase name="verifyLoginWithUserCredentialFromExcelFile" time="0.0" classname="com.demoAutomationProject.LoginPageVerification">
    <ignored/>
  </testcase> <!-- verifyLoginWithUserCredentialFromExcelFile -->
  <testcase name="verifyLoginWithInvalidEmail" time="0.0" classname="com.demoAutomationProject.LoginPageVerification">
    <ignored/>
  </testcase> <!-- verifyLoginWithInvalidEmail -->
  <testcase name="verifyUserRegisterPageInvalidEmailId" time="0.0" classname="com.demoAutomationProject.RegisterPageVerification">
    <ignored/>
  </testcase> <!-- verifyUserRegisterPageInvalidEmailId -->
  <testcase name="verifyUserRegisterPageFirstnameWithMaximumCharacter" time="0.0" classname="com.demoAutomationProject.RegisterPageVerification">
    <ignored/>
  </testcase> <!-- verifyUserRegisterPageFirstnameWithMaximumCharacter -->
</testsuite> <!-- Test2 -->
