<?xml version="1.0" encoding="UTF-8"?>
<testng-results skipped="0" failed="0" ignored="0" total="1" passed="1">
  <reporter-output>
  </reporter-output>
  <suite name="Default suite" duration-ms="21204" started-at="2024-06-14T11:35:28 IST" finished-at="2024-06-14T11:35:49 IST">
    <groups>
      <group name="Positive">
        <method signature="ProductAddToCartAndPurchaseVerification.verifyLoginWithValidUserCredentials()[pri:0, instance:com.demoAutomationProject.ProductAddToCartAndPurchaseVerification@548e6d58]" name="verifyLoginWithValidUserCredentials" class="com.demoAutomationProject.ProductAddToCartAndPurchaseVerification"/>
      </group> <!-- Positive -->
      <group name="Smoke">
        <method signature="ProductAddToCartAndPurchaseVerification.verifyLoginWithValidUserCredentials()[pri:0, instance:com.demoAutomationProject.ProductAddToCartAndPurchaseVerification@548e6d58]" name="verifyLoginWithValidUserCredentials" class="com.demoAutomationProject.ProductAddToCartAndPurchaseVerification"/>
      </group> <!-- Smoke -->
    </groups>
    <test name="Default test" duration-ms="21204" started-at="2024-06-14T11:35:28 IST" finished-at="2024-06-14T11:35:49 IST">
      <class name="com.demoAutomationProject.ProductAddToCartAndPurchaseVerification">
        <test-method status="PASS" signature="SetUp()[pri:0, instance:com.demoAutomationProject.ProductAddToCartAndPurchaseVerification@548e6d58]" name="SetUp" is-config="true" duration-ms="2256" started-at="2024-06-14T11:35:28 IST" finished-at="2024-06-14T11:35:31 IST">
          <reporter-output>
          </reporter-output>
        </test-method> <!-- SetUp -->
        <test-method status="PASS" signature="verifyLoginWithValidUserCredentials()[pri:0, instance:com.demoAutomationProject.ProductAddToCartAndPurchaseVerification@548e6d58]" name="verifyLoginWithValidUserCredentials" duration-ms="17987" started-at="2024-06-14T11:35:31 IST" finished-at="2024-06-14T11:35:49 IST">
          <reporter-output>
          </reporter-output>
        </test-method> <!-- verifyLoginWithValidUserCredentials -->
        <test-method status="PASS" signature="tearDown(org.testng.ITestResult)[pri:0, instance:com.demoAutomationProject.ProductAddToCartAndPurchaseVerification@548e6d58]" name="tearDown" is-config="true" duration-ms="847" started-at="2024-06-14T11:35:49 IST" finished-at="2024-06-14T11:35:49 IST">
          <params>
            <param index="0">
              <value>
                <![CDATA[[TestResult name=verifyLoginWithValidUserCredentials status=SUCCESS method=ProductAddToCartAndPurchaseVerification.verifyLoginWithValidUserCredentials()[pri:0, instance:com.demoAutomationProject.ProductAddToCartAndPurchaseVerification@548e6d58] output={null}]]]>
              </value>
            </param>
          </params>
          <reporter-output>
          </reporter-output>
        </test-method> <!-- tearDown -->
        <test-method status="PASS" signature="sendEmail()[pri:0, instance:com.demoAutomationProject.ProductAddToCartAndPurchaseVerification@548e6d58]" name="sendEmail" is-config="true" duration-ms="5673" started-at="2024-06-14T11:35:49 IST" finished-at="2024-06-14T11:35:55 IST">
          <reporter-output>
          </reporter-output>
        </test-method> <!-- sendEmail -->
      </class> <!-- com.demoAutomationProject.ProductAddToCartAndPurchaseVerification -->
    </test> <!-- Default test -->
  </suite> <!-- Default suite -->
</testng-results>
